<?xml version="1.0" encoding="UTF-8"?>
<!-- Generated by org.testng.reporters.JUnitXMLReporter -->
<testsuite ignored="3" hostname="DESKTOP-3P7B85N" failures="0" tests="1" name="Test" time="0.097" errors="0" timestamp="2025-06-27T12:20:13 IST">
  <testcase classname="Mainproject.Base" name="@BeforeMethod beforeMethod" time="-1.751007013857E9">
    <failure type="org.testng.TestNGException" message="
Parameter &amp;apos;browser&amp;apos; is required by BeforeMethod on method beforeMethod but has not been marked @Optional or defined
in C:\Users\LENOVO\eclipse-workspace\7martSupermarket\testng.xml">
      <![CDATA[org.testng.TestNGException: 
Parameter 'browser' is required by BeforeMethod on method beforeMethod but has not been marked @Optional or defined
in C:\Users\LENOVO\eclipse-workspace\7martSupermarket\testng.xml
at java.base/java.util.ArrayList.forEach(ArrayList.java:1511)
... Removed 28 stack frames]]>
    </failure>
  </testcase> <!-- @BeforeMethod beforeMethod -->
  <testcase classname="Mainproject.Base" name="@AfterMethod afterMethod" time="0.0">
    <skipped/>
  </testcase> <!-- @AfterMethod afterMethod -->
  <testcase classname="Mainproject.LoginTest" name="incorrectusernameAndcorrectpassword" time="0.0">
    <skipped/>
  </testcase> <!-- incorrectusernameAndcorrectpassword -->
  <testcase classname="Mainproject.LoginTest" name="correctusernameAndincorrectpassword" time="0.0">
    <ignored/>
  </testcase> <!-- correctusernameAndincorrectpassword -->
  <testcase classname="Mainproject.LoginTest" name="incorrectusernameandpassword" time="0.0">
    <ignored/>
  </testcase> <!-- incorrectusernameandpassword -->
  <testcase classname="Mainproject.LoginTest" name="login" time="0.0">
    <ignored/>
  </testcase> <!-- login -->
</testsuite> <!-- Test -->
